2021-01-05 11:03:45,418 - root - DEBUG - 开始操作
2021-01-05 11:03:45,654 - root - DEBUG - STATE： 主菜单界面
2021-01-05 11:03:45,654 - root - DEBUG - ACTION: 前往作战菜单
2021-01-05 11:03:51,294 - root - DEBUG - STATE： 13-4界面
2021-01-05 11:03:51,294 - root - DEBUG - ACTION: 启动13-4
2021-01-05 11:04:00,363 - root - DEBUG - STATE：进入地图
2021-01-05 11:04:00,364 - root - DEBUG - STATE: 战前整备
2021-01-05 11:04:11,000 - root - DEBUG - ACTION: 更换打手
2021-01-05 11:04:30,240 - root - DEBUG - ACTION: 放置队伍
2021-01-05 11:04:36,017 - root - DEBUG - ACTION: 开始作战
2021-01-05 11:04:50,997 - root - DEBUG - ACTION: 重启作战
2021-01-05 11:04:59,857 - root - DEBUG - STATE：进入地图
2021-01-05 11:04:59,858 - root - DEBUG - ACTION: 更换打手
2021-01-05 11:05:18,395 - root - DEBUG - ACTION: 放置队伍
2021-01-05 11:05:23,366 - root - DEBUG - ACTION: 开始作战
2021-01-05 11:05:33,418 - root - DEBUG - ACTION: 计划模式
2021-01-05 11:08:03,684 - root - DEBUG - ACTION: 战役结算
2021-01-05 11:08:10,175 - root - DEBUG - 已运行：0:04:24.756931  13-4轮次：1
2021-01-05 11:08:10,242 - root - DEBUG - STATE： 13-4界面
2021-01-05 11:08:10,243 - root - DEBUG - ACTION: 启动13-4
2021-01-05 11:08:19,595 - root - DEBUG - STATE：进入地图
2021-01-05 11:08:19,595 - root - DEBUG - ACTION: 更换打手
2021-01-05 11:08:37,362 - root - DEBUG - ACTION: 放置队伍
2021-01-05 11:08:43,202 - root - DEBUG - ACTION: 开始作战
2021-01-05 11:08:52,192 - root - DEBUG - ACTION: 计划模式
2021-01-05 11:11:28,491 - root - DEBUG - ACTION: 战役结算
2021-01-05 11:11:35,183 - root - DEBUG - 已运行：0:07:49.764578  13-4轮次：2
2021-01-05 11:11:35,183 - root - DEBUG - ACTION: 跳转至主菜单
2021-01-05 11:11:42,813 - root - DEBUG - STATE： 主菜单界面
2021-01-05 11:11:42,813 - root - DEBUG - ACTION: 前往作战菜单
2021-01-05 11:11:48,884 - root - DEBUG - STATE： 13-4界面
2021-01-05 11:11:48,885 - root - DEBUG - ACTION: 启动13-4
2021-01-05 11:11:58,221 - root - DEBUG - STATE：进入地图
2021-01-05 11:11:58,222 - root - DEBUG - ACTION: 更换打手
2021-01-05 11:12:15,488 - root - DEBUG - ACTION: 放置队伍
2021-01-05 11:12:20,827 - root - DEBUG - ACTION: 开始作战
2021-01-05 11:12:30,045 - root - DEBUG - ACTION: 计划模式
2021-01-05 11:15:00,573 - root - DEBUG - ACTION: 战役结算
2021-01-05 11:15:07,251 - root - DEBUG - 已运行：0:11:21.832541  13-4轮次：3
2021-01-05 11:15:07,318 - root - DEBUG - STATE： 13-4界面
2021-01-05 11:15:07,318 - root - DEBUG - ACTION: 启动13-4
2021-01-05 11:15:16,037 - root - DEBUG - STATE：进入地图
2021-01-05 11:15:16,037 - root - DEBUG - ACTION: 更换打手
2021-01-05 11:15:34,100 - root - DEBUG - ACTION: 放置队伍
2021-01-05 11:15:39,594 - root - DEBUG - ACTION: 开始作战
2021-01-05 11:15:48,657 - root - DEBUG - ACTION: 计划模式
2021-01-05 11:18:20,932 - root - DEBUG - ACTION: 战役结算
2021-01-05 11:18:27,842 - root - DEBUG - 已运行：0:14:42.423543  13-4轮次：4
2021-01-05 11:18:27,843 - root - DEBUG - ACTION: 跳转至主菜单
2021-01-05 11:18:35,304 - root - DEBUG - STATE： 主菜单界面
2021-01-05 11:18:35,304 - root - DEBUG - ACTION: 前往作战菜单
2021-01-05 11:18:40,673 - root - DEBUG - STATE： 13-4界面
2021-01-05 11:18:40,674 - root - DEBUG - ACTION: 启动13-4
2021-01-05 11:18:50,414 - root - DEBUG - STATE：进入地图
2021-01-05 11:18:50,415 - root - DEBUG - ACTION: 更换打手
2021-01-05 11:19:08,598 - root - DEBUG - ACTION: 放置队伍
2021-01-05 11:19:13,486 - root - DEBUG - ACTION: 开始作战
2021-01-05 11:19:22,718 - root - DEBUG - ACTION: 计划模式
2021-01-05 11:21:53,903 - root - DEBUG - ACTION: 战役结算
2021-01-05 11:21:59,960 - root - DEBUG - 已运行：0:18:14.541489  13-4轮次：5
2021-01-05 11:22:00,029 - root - DEBUG - STATE： 13-4界面
2021-01-05 11:22:00,029 - root - DEBUG - ACTION: 启动13-4
2021-01-05 11:22:08,859 - root - DEBUG - STATE：进入地图
2021-01-05 11:22:08,860 - root - DEBUG - ACTION: 更换打手
2021-01-05 11:22:26,491 - root - DEBUG - ACTION: 放置队伍
2021-01-05 11:22:32,334 - root - DEBUG - ACTION: 开始作战
2021-01-05 11:22:40,914 - root - DEBUG - ACTION: 计划模式
2021-01-05 11:25:19,397 - root - DEBUG - ACTION: 战役结算
2021-01-05 11:25:26,004 - root - DEBUG - 已运行：0:21:40.585892  13-4轮次：6
2021-01-05 11:25:26,004 - root - DEBUG - ACTION: 跳转至主菜单
2021-01-05 11:25:33,132 - root - DEBUG - STATE： 主菜单界面
2021-01-05 11:25:33,132 - root - DEBUG - ACTION: 前往作战菜单
2021-01-05 11:25:38,570 - root - DEBUG - STATE： 13-4界面
2021-01-05 11:25:38,570 - root - DEBUG - ACTION: 启动13-4
2021-01-05 11:25:47,188 - root - DEBUG - STATE：进入地图
2021-01-05 11:25:47,188 - root - DEBUG - ACTION: 更换打手
2021-01-05 11:26:05,188 - root - DEBUG - ACTION: 放置队伍
2021-01-05 11:26:12,116 - root - DEBUG - ACTION: 开始作战
2021-01-05 11:26:21,062 - root - DEBUG - ACTION: 计划模式
2021-01-05 11:28:46,094 - root - DEBUG - ACTION: 战役结算
2021-01-05 11:28:52,851 - root - DEBUG - 已运行：0:25:07.432947  13-4轮次：7
2021-01-05 11:28:52,917 - root - DEBUG - STATE： 13-4界面
2021-01-05 11:28:52,918 - root - DEBUG - ACTION: 启动13-4
2021-01-05 11:29:02,106 - root - DEBUG - STATE：进入地图
2021-01-05 11:29:02,106 - root - DEBUG - ACTION: 更换打手
2021-01-05 11:29:20,926 - root - DEBUG - ACTION: 放置队伍
2021-01-05 11:29:26,834 - root - DEBUG - ACTION: 开始作战
2021-01-05 11:29:37,462 - root - DEBUG - ACTION: 计划模式
2021-01-05 11:32:04,693 - root - DEBUG - ACTION: 战役结算
2021-01-05 11:32:11,350 - root - DEBUG - 已运行：0:28:25.932307  13-4轮次：8
2021-01-05 11:32:11,350 - root - DEBUG - ACTION: 跳转至主菜单
2021-01-05 11:32:18,832 - root - DEBUG - STATE： 后勤结束界面
2021-01-05 11:32:18,832 - root - DEBUG - ACTION: 收派后勤
2021-01-05 11:32:25,893 - root - DEBUG - STATE： 后勤结束界面
2021-01-05 11:32:25,894 - root - DEBUG - ACTION: 收派后勤
2021-01-05 11:32:33,920 - root - DEBUG - STATE： 主菜单界面
2021-01-05 11:32:33,920 - root - DEBUG - ACTION: 前往作战菜单
2021-01-05 11:32:39,844 - root - DEBUG - STATE： 13-4界面
2021-01-05 11:32:39,844 - root - DEBUG - ACTION: 启动13-4
2021-01-05 11:32:49,165 - root - DEBUG - STATE：进入地图
2021-01-05 11:32:49,165 - root - DEBUG - ACTION: 更换打手
2021-01-05 11:33:07,601 - root - DEBUG - ACTION: 放置队伍
2021-01-05 11:33:13,257 - root - DEBUG - ACTION: 开始作战
2021-01-05 11:33:22,809 - root - DEBUG - ACTION: 计划模式
2021-01-05 11:35:48,674 - root - DEBUG - ACTION: 战役结算
2021-01-05 11:35:55,917 - root - DEBUG - 已运行：0:32:10.498800  13-4轮次：9
2021-01-05 11:35:55,985 - root - DEBUG - STATE： 13-4界面
2021-01-05 11:35:55,985 - root - DEBUG - ACTION: 启动13-4
2021-01-05 11:36:05,623 - root - DEBUG - STATE：进入地图
2021-01-05 11:36:05,623 - root - DEBUG - ACTION: 更换打手
2021-01-05 11:36:23,873 - root - DEBUG - ACTION: 放置队伍
2021-01-05 11:36:29,295 - root - DEBUG - ACTION: 开始作战
2021-01-05 11:36:38,799 - root - DEBUG - ACTION: 计划模式
2021-01-05 11:39:16,258 - root - DEBUG - ACTION: 战役结算
2021-01-05 11:39:23,367 - root - DEBUG - 已运行：0:35:37.948542  13-4轮次：10
2021-01-05 11:39:23,368 - root - DEBUG - ACTION: 跳转至主菜单
2021-01-05 11:39:30,680 - root - DEBUG - STATE： 主菜单界面
2021-01-05 11:39:30,680 - root - DEBUG - ACTION: 前往作战菜单
2021-01-05 11:39:36,083 - root - DEBUG - STATE： 13-4界面
2021-01-05 11:39:36,083 - root - DEBUG - ACTION: 启动13-4
2021-01-05 11:39:45,052 - root - DEBUG - STATE：进入地图
2021-01-05 11:39:45,052 - root - DEBUG - ACTION: 更换打手
2021-01-05 11:40:03,235 - root - DEBUG - ACTION: 放置队伍
2021-01-05 11:40:08,708 - root - DEBUG - ACTION: 开始作战
2021-01-05 11:40:17,509 - root - DEBUG - ACTION: 计划模式
2021-01-05 11:42:38,769 - root - DEBUG - ACTION: 战役结算
2021-01-05 11:42:45,931 - root - DEBUG - 已运行：0:39:00.512864  13-4轮次：11
2021-01-05 11:42:45,998 - root - DEBUG - STATE： 13-4界面
2021-01-05 11:42:45,999 - root - DEBUG - ACTION: 启动13-4
2021-01-05 11:42:55,169 - root - DEBUG - STATE：进入地图
2021-01-05 11:42:55,169 - root - DEBUG - ACTION: 更换打手
2021-01-05 11:43:13,519 - root - DEBUG - ACTION: 放置队伍
2021-01-05 11:43:18,457 - root - DEBUG - ACTION: 开始作战
2021-01-05 11:43:26,904 - root - DEBUG - ACTION: 计划模式
2021-01-05 11:46:04,264 - root - DEBUG - ACTION: 战役结算
2021-01-05 11:46:11,775 - root - DEBUG - 已运行：0:42:26.356740  13-4轮次：12
2021-01-05 11:46:11,776 - root - DEBUG - ACTION: 跳转至主菜单
2021-01-05 11:46:19,003 - root - DEBUG - STATE： 主菜单界面
2021-01-05 11:46:19,004 - root - DEBUG - ACTION: 前往作战菜单
2021-01-05 11:46:24,139 - root - DEBUG - STATE： 13-4界面
2021-01-05 11:46:24,140 - root - DEBUG - ACTION: 启动13-4
2021-01-05 11:46:32,976 - root - DEBUG - STATE：进入地图
2021-01-05 11:46:32,977 - root - DEBUG - ACTION: 更换打手
2021-01-05 11:46:50,675 - root - DEBUG - ACTION: 放置队伍
2021-01-05 11:46:55,694 - root - DEBUG - ACTION: 开始作战
2021-01-05 11:47:05,471 - root - DEBUG - ACTION: 计划模式
2021-01-05 11:49:37,840 - root - DEBUG - ACTION: 战役结算
2021-01-05 11:49:44,546 - root - DEBUG - 已运行：0:45:59.127862  13-4轮次：13
2021-01-05 11:49:44,613 - root - DEBUG - STATE： 13-4界面
2021-01-05 11:49:44,613 - root - DEBUG - ACTION: 启动13-4
2021-01-05 11:49:53,918 - root - DEBUG - STATE：进入地图
2021-01-05 11:49:53,918 - root - DEBUG - ACTION: 更换打手
2021-01-05 11:50:12,184 - root - DEBUG - ACTION: 放置队伍
2021-01-05 11:50:18,110 - root - DEBUG - ACTION: 开始作战
2021-01-05 11:50:27,703 - root - DEBUG - ACTION: 计划模式
2021-01-05 11:53:04,903 - root - DEBUG - ACTION: 战役结算
2021-01-05 11:53:11,845 - root - DEBUG - 已运行：0:49:26.426703  13-4轮次：14
2021-01-05 11:53:11,846 - root - DEBUG - ACTION: 跳转至主菜单
2021-01-05 11:53:19,910 - root - DEBUG - STATE： 主菜单界面
2021-01-05 11:53:19,910 - root - DEBUG - ACTION: 前往作战菜单
2021-01-05 11:53:25,615 - root - DEBUG - STATE： 13-4界面
2021-01-05 11:53:25,616 - root - DEBUG - ACTION: 启动13-4
2021-01-05 11:53:35,051 - root - DEBUG - STATE：进入地图
2021-01-05 11:53:35,051 - root - DEBUG - ACTION: 更换打手
2021-01-05 11:53:52,753 - root - DEBUG - ACTION: 放置队伍
2021-01-05 11:53:58,209 - root - DEBUG - ACTION: 开始作战
2021-01-05 11:54:07,995 - root - DEBUG - ACTION: 计划模式
2021-01-05 11:56:40,147 - root - DEBUG - ACTION: 战役结算
2021-01-05 11:56:47,292 - root - DEBUG - 已运行：0:53:01.873348  13-4轮次：15
2021-01-05 11:56:47,362 - root - DEBUG - STATE： 13-4界面
2021-01-05 11:56:47,362 - root - DEBUG - ACTION: 启动13-4
2021-01-05 11:56:56,447 - root - DEBUG - STATE：进入地图
2021-01-05 11:56:56,447 - root - DEBUG - ACTION: 更换打手
2021-01-05 11:57:15,032 - root - DEBUG - ACTION: 放置队伍
2021-01-05 11:57:20,019 - root - DEBUG - ACTION: 开始作战
2021-01-05 11:57:28,457 - root - DEBUG - ACTION: 计划模式
2021-01-05 11:59:59,837 - root - DEBUG - ACTION: 战役结算
2021-01-05 12:00:06,730 - root - DEBUG - 已运行：0:56:21.311818  13-4轮次：16
2021-01-05 12:00:06,730 - root - DEBUG - ACTION: 跳转至主菜单
2021-01-05 12:00:13,690 - root - DEBUG - STATE： 后勤结束界面
2021-01-05 12:00:13,691 - root - DEBUG - ACTION: 收派后勤
2021-01-05 12:00:20,869 - root - DEBUG - STATE： 主菜单界面
2021-01-05 12:00:20,869 - root - DEBUG - ACTION: 前往作战菜单
2021-01-05 12:00:26,842 - root - DEBUG - STATE： 13-4界面
2021-01-05 12:00:26,843 - root - DEBUG - ACTION: 启动13-4
2021-01-05 12:00:35,791 - root - DEBUG - STATE： 强化提醒界面
2021-01-05 12:00:35,792 - root - DEBUG - ACTION: 拆解人形
2021-01-05 12:01:35,902 - root - DEBUG - ACTION: 跳转至主菜单
2021-01-05 12:01:43,568 - root - DEBUG - STATE： 主菜单界面
2021-01-05 12:01:43,569 - root - DEBUG - ACTION: 前往作战菜单
2021-01-05 12:01:49,124 - root - DEBUG - STATE： 13-4界面
2021-01-05 12:01:49,125 - root - DEBUG - ACTION: 启动13-4
2021-01-05 12:01:58,510 - root - DEBUG - STATE：进入地图
2021-01-05 12:01:58,511 - root - DEBUG - STATE: 战前整备
2021-01-05 12:02:09,140 - root - DEBUG - ACTION: 更换打手
2021-01-05 12:02:28,696 - root - DEBUG - ACTION: 放置队伍
2021-01-05 12:02:34,401 - root - DEBUG - ACTION: 开始作战
2021-01-05 12:02:50,050 - root - DEBUG - ACTION: 重启作战
2021-01-05 12:02:59,311 - root - DEBUG - STATE：进入地图
2021-01-05 12:02:59,312 - root - DEBUG - ACTION: 更换打手
2021-01-05 12:03:17,228 - root - DEBUG - ACTION: 放置队伍
2021-01-05 12:03:22,653 - root - DEBUG - ACTION: 开始作战
2021-01-05 12:03:32,065 - root - DEBUG - ACTION: 计划模式
2021-01-05 12:06:03,389 - root - DEBUG - ACTION: 战役结算
2021-01-05 12:06:10,700 - root - DEBUG - 已运行：1:02:25.281814  13-4轮次：17
2021-01-05 12:06:10,768 - root - DEBUG - STATE： 13-4界面
2021-01-05 12:06:10,768 - root - DEBUG - ACTION: 启动13-4
2021-01-05 12:06:20,521 - root - DEBUG - STATE：进入地图
2021-01-05 12:06:20,521 - root - DEBUG - ACTION: 更换打手
2021-01-05 12:06:39,076 - root - DEBUG - ACTION: 放置队伍
2021-01-05 12:06:44,430 - root - DEBUG - ACTION: 开始作战
2021-01-05 12:06:53,454 - root - DEBUG - ACTION: 计划模式
2021-01-05 12:09:25,722 - root - DEBUG - ACTION: 战役结算
2021-01-05 12:09:33,451 - root - DEBUG - 已运行：1:05:48.032757  13-4轮次：18
2021-01-05 12:09:33,451 - root - DEBUG - ACTION: 跳转至主菜单
2021-01-05 12:09:40,828 - root - DEBUG - STATE： 主菜单界面
2021-01-05 12:09:40,829 - root - DEBUG - ACTION: 前往作战菜单
2021-01-05 12:09:46,835 - root - DEBUG - STATE： 13-4界面
2021-01-05 12:09:46,836 - root - DEBUG - ACTION: 启动13-4
2021-01-05 12:09:56,580 - root - DEBUG - STATE：进入地图
2021-01-05 12:09:56,580 - root - DEBUG - ACTION: 更换打手
2021-01-05 12:10:17,086 - root - DEBUG - ACTION: 放置队伍
2021-01-05 12:10:23,126 - root - DEBUG - ACTION: 开始作战
2021-01-05 12:10:32,930 - root - DEBUG - ACTION: 计划模式
2021-01-05 12:12:58,974 - root - DEBUG - ACTION: 战役结算
2021-01-05 12:13:05,567 - root - DEBUG - 已运行：1:09:20.149197  13-4轮次：19
2021-01-05 12:13:05,634 - root - DEBUG - STATE： 13-4界面
2021-01-05 12:13:05,634 - root - DEBUG - ACTION: 启动13-4
2021-01-05 12:13:15,070 - root - DEBUG - STATE：进入地图
2021-01-05 12:13:15,071 - root - DEBUG - ACTION: 更换打手
2021-01-05 12:13:32,302 - root - DEBUG - ACTION: 放置队伍
2021-01-05 12:13:37,894 - root - DEBUG - ACTION: 开始作战
2021-01-05 12:13:47,091 - root - DEBUG - ACTION: 计划模式
2021-01-05 12:16:20,770 - root - DEBUG - ACTION: 战役结算
2021-01-05 12:16:27,312 - root - DEBUG - 已运行：1:12:41.893566  13-4轮次：20
2021-01-05 12:16:27,312 - root - DEBUG - ACTION: 跳转至主菜单
2021-01-05 12:16:33,971 - root - DEBUG - STATE： 主菜单界面
2021-01-05 12:16:33,972 - root - DEBUG - ACTION: 前往作战菜单
2021-01-05 12:16:40,044 - root - DEBUG - STATE： 13-4界面
2021-01-05 12:16:40,044 - root - DEBUG - ACTION: 启动13-4
2021-01-05 12:16:49,463 - root - DEBUG - STATE：进入地图
2021-01-05 12:16:49,463 - root - DEBUG - ACTION: 更换打手
2021-01-05 12:17:07,632 - root - DEBUG - ACTION: 放置队伍
2021-01-05 12:17:12,437 - root - DEBUG - ACTION: 开始作战
2021-01-05 12:17:21,975 - root - DEBUG - ACTION: 计划模式
2021-01-05 12:19:47,953 - root - DEBUG - ACTION: 战役结算
2021-01-05 12:19:54,979 - root - DEBUG - 已运行：1:16:09.561053  13-4轮次：21
2021-01-05 12:19:55,045 - root - DEBUG - STATE： 13-4界面
2021-01-05 12:19:55,046 - root - DEBUG - ACTION: 启动13-4
2021-01-05 12:20:03,769 - root - DEBUG - STATE：进入地图
2021-01-05 12:20:03,776 - root - DEBUG - ACTION: 更换打手
2021-01-05 12:20:22,466 - root - DEBUG - ACTION: 放置队伍
2021-01-05 12:20:27,923 - root - DEBUG - ACTION: 开始作战
2021-01-05 12:20:37,142 - root - DEBUG - ACTION: 计划模式
2021-01-05 12:23:15,887 - root - DEBUG - ACTION: 战役结算
2021-01-05 12:23:23,348 - root - DEBUG - 已运行：1:19:37.930153  13-4轮次：22
2021-01-05 12:23:23,349 - root - DEBUG - ACTION: 跳转至主菜单
2021-01-05 12:23:30,996 - root - DEBUG - STATE： 主菜单界面
2021-01-05 12:23:30,997 - root - DEBUG - ACTION: 前往作战菜单
2021-01-05 12:23:37,035 - root - DEBUG - STATE： 13-4界面
2021-01-05 12:23:37,035 - root - DEBUG - ACTION: 启动13-4
2021-01-05 12:23:46,689 - root - DEBUG - STATE：进入地图
2021-01-05 12:23:46,690 - root - DEBUG - ACTION: 更换打手
2021-01-05 12:24:04,706 - root - DEBUG - ACTION: 放置队伍
2021-01-05 12:24:10,080 - root - DEBUG - ACTION: 开始作战
2021-01-05 12:24:18,262 - root - DEBUG - ACTION: 计划模式
2021-01-05 12:26:42,837 - root - DEBUG - ACTION: 战役结算
2021-01-05 12:26:50,063 - root - DEBUG - 已运行：1:23:04.645298  13-4轮次：23
2021-01-05 12:26:50,131 - root - DEBUG - STATE： 13-4界面
2021-01-05 12:26:50,132 - root - DEBUG - ACTION: 启动13-4
2021-01-05 12:26:59,284 - root - DEBUG - STATE：进入地图
2021-01-05 12:26:59,285 - root - DEBUG - ACTION: 更换打手
2021-01-05 12:27:17,753 - root - DEBUG - ACTION: 放置队伍
2021-01-05 12:27:23,106 - root - DEBUG - ACTION: 开始作战
2021-01-05 12:27:32,959 - root - DEBUG - ACTION: 计划模式
2021-01-05 12:30:05,218 - root - DEBUG - ACTION: 战役结算
2021-01-05 12:30:11,560 - root - DEBUG - 已运行：1:26:26.141911  13-4轮次：24
2021-01-05 12:30:11,560 - root - DEBUG - ACTION: 跳转至主菜单
2021-01-05 12:30:19,221 - root - DEBUG - STATE： 主菜单界面
2021-01-05 12:30:19,221 - root - DEBUG - ACTION: 前往作战菜单
2021-01-05 12:30:24,861 - root - DEBUG - STATE： 13-4界面
2021-01-05 12:30:24,862 - root - DEBUG - ACTION: 启动13-4
2021-01-05 12:30:34,482 - root - DEBUG - STATE：进入地图
2021-01-05 12:30:34,482 - root - DEBUG - ACTION: 更换打手
2021-01-05 12:30:52,663 - root - DEBUG - ACTION: 放置队伍
2021-01-05 12:30:57,704 - root - DEBUG - ACTION: 开始作战
2021-01-05 12:31:07,172 - root - DEBUG - ACTION: 计划模式
2021-01-05 12:33:32,101 - root - DEBUG - ACTION: 战役结算
2021-01-05 12:33:39,144 - root - DEBUG - 已运行：1:29:53.725061  13-4轮次：25
2021-01-05 12:33:39,210 - root - DEBUG - STATE： 13-4界面
2021-01-05 12:33:39,210 - root - DEBUG - ACTION: 启动13-4
2021-01-05 12:33:48,544 - root - DEBUG - STATE：进入地图
2021-01-05 12:33:48,544 - root - DEBUG - ACTION: 更换打手
2021-01-05 12:34:06,563 - root - DEBUG - ACTION: 放置队伍
2021-01-05 12:34:11,499 - root - DEBUG - ACTION: 开始作战
2021-01-05 12:34:20,793 - root - DEBUG - ACTION: 计划模式
2021-01-05 12:36:52,738 - root - DEBUG - ACTION: 战役结算
2021-01-05 12:36:59,815 - root - DEBUG - 已运行：1:33:14.397172  13-4轮次：26
2021-01-05 12:36:59,816 - root - DEBUG - ACTION: 跳转至主菜单
2021-01-05 12:37:07,447 - root - DEBUG - STATE： 后勤结束界面
2021-01-05 12:37:07,447 - root - DEBUG - ACTION: 收派后勤
2021-01-05 12:37:14,676 - root - DEBUG - STATE： 后勤结束界面
2021-01-05 12:37:14,676 - root - DEBUG - ACTION: 收派后勤
2021-01-05 12:37:21,970 - root - DEBUG - STATE： 主菜单界面
2021-01-05 12:37:21,970 - root - DEBUG - ACTION: 前往作战菜单
2021-01-05 12:37:27,908 - root - DEBUG - STATE： 13-4界面
2021-01-05 12:37:27,908 - root - DEBUG - ACTION: 启动13-4
2021-01-05 12:37:37,426 - root - DEBUG - STATE：进入地图
2021-01-05 12:37:37,426 - root - DEBUG - ACTION: 更换打手
2021-01-05 12:37:55,662 - root - DEBUG - ACTION: 放置队伍
2021-01-05 12:38:01,034 - root - DEBUG - ACTION: 开始作战
2021-01-05 12:38:10,204 - root - DEBUG - ACTION: 计划模式
2021-01-05 12:40:37,322 - root - DEBUG - ACTION: 战役结算
2021-01-05 12:40:43,861 - root - DEBUG - 已运行：1:36:58.443291  13-4轮次：27
2021-01-05 12:40:43,930 - root - DEBUG - STATE： 13-4界面
2021-01-05 12:40:43,930 - root - DEBUG - ACTION: 启动13-4
2021-01-05 12:40:53,234 - root - DEBUG - STATE：进入地图
2021-01-05 12:40:53,235 - root - DEBUG - ACTION: 更换打手
2021-01-05 12:41:11,769 - root - DEBUG - ACTION: 放置队伍
2021-01-05 12:41:17,058 - root - DEBUG - ACTION: 开始作战
2021-01-05 12:41:26,147 - root - DEBUG - ACTION: 计划模式
2021-01-05 12:44:04,653 - root - DEBUG - ACTION: 战役结算
2021-01-05 12:44:11,799 - root - DEBUG - 已运行：1:40:26.381291  13-4轮次：28
2021-01-05 12:44:11,799 - root - DEBUG - ACTION: 跳转至主菜单
2021-01-05 12:44:19,513 - root - DEBUG - STATE： 主菜单界面
2021-01-05 12:44:19,514 - root - DEBUG - ACTION: 前往作战菜单
2021-01-05 12:44:25,567 - root - DEBUG - STATE： 13-4界面
2021-01-05 12:44:25,567 - root - DEBUG - ACTION: 启动13-4
2021-01-05 12:44:35,558 - root - DEBUG - STATE： 强化提醒界面
2021-01-05 12:44:35,559 - root - DEBUG - ACTION: 拆解人形
2021-01-05 12:45:36,468 - root - DEBUG - ACTION: 跳转至主菜单
2021-01-05 12:45:43,752 - root - DEBUG - STATE： 主菜单界面
2021-01-05 12:45:43,753 - root - DEBUG - ACTION: 前往作战菜单
2021-01-05 12:45:49,326 - root - DEBUG - STATE： 13-4界面
2021-01-05 12:45:49,326 - root - DEBUG - ACTION: 启动13-4
2021-01-05 12:45:58,127 - root - DEBUG - STATE：进入地图
2021-01-05 12:45:58,127 - root - DEBUG - STATE: 战前整备
2021-01-05 12:46:08,304 - root - DEBUG - ACTION: 更换打手
2021-01-05 12:46:28,688 - root - DEBUG - ACTION: 放置队伍
2021-01-05 12:46:34,084 - root - DEBUG - ACTION: 开始作战
2021-01-05 12:46:52,900 - root - DEBUG - ACTION: 重启作战
2021-01-05 12:47:01,920 - root - DEBUG - STATE：进入地图
2021-01-05 12:47:01,921 - root - DEBUG - ACTION: 更换打手
2021-01-05 12:47:20,608 - root - DEBUG - ACTION: 放置队伍
2021-01-05 12:47:25,731 - root - DEBUG - ACTION: 开始作战
2021-01-05 12:47:35,538 - root - DEBUG - ACTION: 计划模式
2021-01-05 12:50:08,839 - root - DEBUG - ACTION: 战役结算
2021-01-05 12:50:16,120 - root - DEBUG - 已运行：1:46:30.702101  13-4轮次：29
2021-01-05 12:50:16,189 - root - DEBUG - STATE： 13-4界面
2021-01-05 12:50:16,189 - root - DEBUG - ACTION: 启动13-4
2021-01-05 12:50:25,990 - root - DEBUG - STATE：进入地图
2021-01-05 12:50:25,991 - root - DEBUG - ACTION: 更换打手
2021-01-05 12:50:43,876 - root - DEBUG - ACTION: 放置队伍
2021-01-05 12:50:49,333 - root - DEBUG - ACTION: 开始作战
2021-01-05 12:50:58,731 - root - DEBUG - ACTION: 计划模式
2021-01-05 12:53:31,275 - root - DEBUG - ACTION: 战役结算
2021-01-05 12:53:38,350 - root - DEBUG - 已运行：1:49:52.931878  13-4轮次：30
2021-01-05 12:53:38,351 - root - DEBUG - ACTION: 跳转至主菜单
2021-01-05 12:53:45,177 - root - DEBUG - STATE： 主菜单界面
2021-01-05 12:53:45,177 - root - DEBUG - ACTION: 前往作战菜单
2021-01-05 12:53:50,680 - root - DEBUG - STATE： 13-4界面
2021-01-05 12:53:50,680 - root - DEBUG - ACTION: 启动13-4
2021-01-05 12:54:00,136 - root - DEBUG - STATE：进入地图
2021-01-05 12:54:00,137 - root - DEBUG - ACTION: 更换打手
2021-01-05 12:54:18,821 - root - DEBUG - ACTION: 放置队伍
2021-01-05 12:54:24,311 - root - DEBUG - ACTION: 开始作战
2021-01-05 12:54:35,044 - root - DEBUG - ACTION: 计划模式
2021-01-05 12:57:02,071 - root - DEBUG - ACTION: 战役结算
2021-01-05 12:57:09,248 - root - DEBUG - 已运行：1:53:23.829467  13-4轮次：31
2021-01-05 12:57:09,315 - root - DEBUG - STATE： 13-4界面
2021-01-05 12:57:09,315 - root - DEBUG - ACTION: 启动13-4
2021-01-05 12:57:18,684 - root - DEBUG - STATE：进入地图
2021-01-05 12:57:18,685 - root - DEBUG - ACTION: 更换打手
2021-01-05 12:57:36,801 - root - DEBUG - ACTION: 放置队伍
2021-01-05 12:57:42,590 - root - DEBUG - ACTION: 开始作战
2021-01-05 12:57:51,731 - root - DEBUG - ACTION: 计划模式
2021-01-05 13:00:28,986 - root - DEBUG - ACTION: 战役结算
2021-01-05 13:00:36,563 - root - DEBUG - 已运行：1:56:51.145146  13-4轮次：32
2021-01-05 13:00:36,563 - root - DEBUG - ACTION: 跳转至主菜单
2021-01-05 13:00:43,607 - root - DEBUG - STATE： 主菜单界面
2021-01-05 13:00:43,607 - root - DEBUG - ACTION: 前往作战菜单
2021-01-05 13:00:49,429 - root - DEBUG - STATE： 13-4界面
2021-01-05 13:00:49,429 - root - DEBUG - ACTION: 启动13-4
2021-01-05 13:00:59,169 - root - DEBUG - STATE：进入地图
2021-01-05 13:00:59,170 - root - DEBUG - ACTION: 更换打手
2021-01-05 13:01:17,636 - root - DEBUG - ACTION: 放置队伍
2021-01-05 13:01:23,145 - root - DEBUG - ACTION: 开始作战
2021-01-05 13:01:33,332 - root - DEBUG - ACTION: 计划模式
2021-01-05 13:04:04,517 - root - DEBUG - ACTION: 战役结算
2021-01-05 13:04:11,910 - root - DEBUG - 已运行：2:00:26.491900  13-4轮次：33
2021-01-05 13:04:11,977 - root - DEBUG - STATE： 13-4界面
2021-01-05 13:04:11,978 - root - DEBUG - ACTION: 启动13-4
2021-01-05 13:04:21,498 - root - DEBUG - STATE：进入地图
2021-01-05 13:04:21,499 - root - DEBUG - ACTION: 更换打手
2021-01-05 13:04:39,784 - root - DEBUG - ACTION: 放置队伍
2021-01-05 13:04:45,138 - root - DEBUG - ACTION: 开始作战
2021-01-05 13:04:54,627 - root - DEBUG - ACTION: 计划模式
2021-01-05 13:07:29,840 - root - DEBUG - ACTION: 战役结算
2021-01-05 13:07:36,716 - root - DEBUG - 已运行：2:03:51.297778  13-4轮次：34
2021-01-05 13:07:36,717 - root - DEBUG - ACTION: 跳转至主菜单
2021-01-05 13:07:43,410 - root - DEBUG - STATE： 主菜单界面
2021-01-05 13:07:43,410 - root - DEBUG - ACTION: 前往作战菜单
2021-01-05 13:07:49,199 - root - DEBUG - STATE： 13-4界面
2021-01-05 13:07:49,199 - root - DEBUG - ACTION: 启动13-4
2021-01-05 13:07:58,234 - root - DEBUG - STATE：进入地图
2021-01-05 13:07:58,235 - root - DEBUG - ACTION: 更换打手
2021-01-05 13:08:16,067 - root - DEBUG - ACTION: 放置队伍
2021-01-05 13:08:21,089 - root - DEBUG - ACTION: 开始作战
2021-01-05 13:08:29,241 - root - DEBUG - ACTION: 计划模式
2021-01-05 13:11:00,607 - root - DEBUG - ACTION: 战役结算
2021-01-05 13:11:07,899 - root - DEBUG - 已运行：2:07:22.480491  13-4轮次：35
2021-01-05 13:11:07,966 - root - DEBUG - STATE： 13-4界面
2021-01-05 13:11:07,966 - root - DEBUG - ACTION: 启动13-4
2021-01-05 13:11:17,853 - root - DEBUG - STATE：进入地图
2021-01-05 13:11:17,853 - root - DEBUG - ACTION: 更换打手
2021-01-05 13:11:35,704 - root - DEBUG - ACTION: 放置队伍
2021-01-05 13:11:40,525 - root - DEBUG - ACTION: 开始作战
2021-01-05 13:11:49,259 - root - DEBUG - ACTION: 计划模式
2021-01-05 13:14:20,346 - root - DEBUG - ACTION: 战役结算
2021-01-05 13:14:27,301 - root - DEBUG - 已运行：2:10:41.882497  13-4轮次：36
2021-01-05 13:14:27,301 - root - DEBUG - ACTION: 跳转至主菜单
2021-01-05 13:14:34,478 - root - DEBUG - STATE： 主菜单界面
2021-01-05 13:14:34,479 - root - DEBUG - ACTION: 前往作战菜单
2021-01-05 13:14:40,067 - root - DEBUG - STATE： 13-4界面
2021-01-05 13:14:40,067 - root - DEBUG - ACTION: 启动13-4
2021-01-05 13:14:49,453 - root - DEBUG - STATE：进入地图
2021-01-05 13:14:49,453 - root - DEBUG - ACTION: 更换打手
2021-01-05 13:15:07,051 - root - DEBUG - ACTION: 放置队伍
2021-01-05 13:15:12,405 - root - DEBUG - ACTION: 开始作战
2021-01-05 13:15:21,798 - root - DEBUG - ACTION: 计划模式
2021-01-05 13:17:50,886 - root - DEBUG - ACTION: 战役结算
2021-01-05 13:17:58,433 - root - DEBUG - 已运行：2:14:13.014610  13-4轮次：37
2021-01-05 13:17:58,500 - root - DEBUG - STATE： 13-4界面
2021-01-05 13:17:58,500 - root - DEBUG - ACTION: 启动13-4
2021-01-05 13:18:08,102 - root - DEBUG - STATE：进入地图
2021-01-05 13:18:08,102 - root - DEBUG - ACTION: 更换打手
2021-01-05 13:18:26,573 - root - DEBUG - ACTION: 放置队伍
2021-01-05 13:18:31,977 - root - DEBUG - ACTION: 开始作战
2021-01-05 13:18:40,661 - root - DEBUG - ACTION: 计划模式
