2021-04-17 15:55:58,805 - root - DEBUG - 开始操作
2021-04-17 15:55:59,049 - root - DEBUG - STATE： 主菜单界面
2021-04-17 15:55:59,049 - root - DEBUG - ACTION: 前往作战菜单
2021-04-17 15:56:05,006 - root - DEBUG - STATE： SC界面
2021-04-17 15:56:05,007 - root - DEBUG - ACTION: 进入裂变链接活动
2021-04-17 15:56:30,260 - root - DEBUG - STATE： 裂变链接第三章界面
2021-04-17 15:56:40,123 - root - DEBUG - STATE：状态未知，可直接重启
2021-04-17 15:56:40,124 - root - DEBUG - ACTION: 重启作战
2021-04-17 15:56:48,484 - root - DEBUG - STATE：地图
2021-04-17 15:56:48,485 - root - DEBUG - STATE: 战前整备
2021-04-17 15:57:01,757 - root - DEBUG - ACTION: 放置队伍
2021-04-17 15:57:04,979 - root - DEBUG - ACTION: 开始作战
2021-04-17 15:57:07,982 - root - DEBUG - ACTION: 计划模式
2021-04-17 15:57:19,017 - root - DEBUG - ACTION: 遇敌撤退
2021-04-17 15:57:39,270 - root - DEBUG - > 已运行：0:01:40.464115  踩点数: 1
2021-04-17 15:57:39,368 - root - DEBUG - STATE： 裂变链接第三章界面
2021-04-17 15:57:49,333 - root - DEBUG - STATE：地图
2021-04-17 15:57:49,334 - root - DEBUG - ACTION: 放置队伍
2021-04-17 15:57:52,585 - root - DEBUG - ACTION: 开始作战
2021-04-17 15:57:55,639 - root - DEBUG - ACTION: 计划模式
2021-04-17 15:58:06,195 - root - DEBUG - ACTION: 遇敌撤退
2021-04-17 15:58:25,900 - root - DEBUG - > 已运行：0:02:27.095879  踩点数: 2
2021-04-17 15:58:25,978 - root - DEBUG - STATE： 裂变链接第三章界面
2021-04-17 15:58:35,591 - root - DEBUG - STATE：地图
2021-04-17 15:58:35,591 - root - DEBUG - ACTION: 放置队伍
2021-04-17 15:58:39,266 - root - DEBUG - ACTION: 开始作战
2021-04-17 15:58:42,345 - root - DEBUG - ACTION: 计划模式
